find_library: checking for clock_gettime() in -lrt... -------------------- yes

"gcc -o conftest -I. -I/usr/lib/ruby/1.8/i686-linux -I. -I/home/yasuhito/play/trema/objects/openflow -I/home/yasuhito/play/trema/src/lib  -D_FILE_OFFSET_BITS=64  -g -std=gnu99 -D_GNU_SOURCE -fno-strict-aliasing -Wall -Wextra -Wformat=2 -Wcast-qual -Wcast-align -Wwrite-strings -Wconversion -Wfloat-equal -Wpointer-arith conftest.c  -L. -L/usr/lib -L/home/yasuhito/play/trema/objects/lib -Wl,-Bsymbolic -lpthread     -lruby1.8-static -lrt  -lpthread -lrt -ldl -lcrypt -lm   -lc"
conftest.c: In function ‘t’:
conftest.c:3:53: error: ‘clock_gettime’ undeclared (first use in this function)
conftest.c:3:53: note: each undeclared identifier is reported only once for each function it appears in
conftest.c:3:28: warning: variable ‘p’ set but not used [-Wunused-but-set-variable]
checked program was:
/* begin */
1: /*top*/
2: int main() { return 0; }
3: int t() { void ((*volatile p)()); p = (void ((*)()))clock_gettime; return 0; }
/* end */

"gcc -o conftest -I. -I/usr/lib/ruby/1.8/i686-linux -I. -I/home/yasuhito/play/trema/objects/openflow -I/home/yasuhito/play/trema/src/lib  -D_FILE_OFFSET_BITS=64  -g -std=gnu99 -D_GNU_SOURCE -fno-strict-aliasing -Wall -Wextra -Wformat=2 -Wcast-qual -Wcast-align -Wwrite-strings -Wconversion -Wfloat-equal -Wpointer-arith conftest.c  -L. -L/usr/lib -L/home/yasuhito/play/trema/objects/lib -Wl,-Bsymbolic -lpthread     -lruby1.8-static -lrt  -lpthread -lrt -ldl -lcrypt -lm   -lc"
conftest.c: In function ‘t’:
conftest.c:3:1: warning: implicit declaration of function ‘clock_gettime’ [-Wimplicit-function-declaration]
checked program was:
/* begin */
1: /*top*/
2: int main() { return 0; }
3: int t() { clock_gettime(); return 0; }
/* end */

--------------------

find_library: checking for dlopen() in -ldl... -------------------- yes

"gcc -o conftest -I. -I/usr/lib/ruby/1.8/i686-linux -I. -I/home/yasuhito/play/trema/objects/openflow -I/home/yasuhito/play/trema/src/lib  -D_FILE_OFFSET_BITS=64  -g -std=gnu99 -D_GNU_SOURCE -fno-strict-aliasing -Wall -Wextra -Wformat=2 -Wcast-qual -Wcast-align -Wwrite-strings -Wconversion -Wfloat-equal -Wpointer-arith conftest.c  -L. -L/usr/lib -L/home/yasuhito/play/trema/objects/lib -Wl,-Bsymbolic -lpthread    -lrt  -lruby1.8-static -ldl -lrt  -lpthread -lrt -ldl -lcrypt -lm   -lc"
conftest.c: In function ‘t’:
conftest.c:3:53: error: ‘dlopen’ undeclared (first use in this function)
conftest.c:3:53: note: each undeclared identifier is reported only once for each function it appears in
conftest.c:3:28: warning: variable ‘p’ set but not used [-Wunused-but-set-variable]
checked program was:
/* begin */
1: /*top*/
2: int main() { return 0; }
3: int t() { void ((*volatile p)()); p = (void ((*)()))dlopen; return 0; }
/* end */

"gcc -o conftest -I. -I/usr/lib/ruby/1.8/i686-linux -I. -I/home/yasuhito/play/trema/objects/openflow -I/home/yasuhito/play/trema/src/lib  -D_FILE_OFFSET_BITS=64  -g -std=gnu99 -D_GNU_SOURCE -fno-strict-aliasing -Wall -Wextra -Wformat=2 -Wcast-qual -Wcast-align -Wwrite-strings -Wconversion -Wfloat-equal -Wpointer-arith conftest.c  -L. -L/usr/lib -L/home/yasuhito/play/trema/objects/lib -Wl,-Bsymbolic -lpthread    -lrt  -lruby1.8-static -ldl -lrt  -lpthread -lrt -ldl -lcrypt -lm   -lc"
conftest.c: In function ‘t’:
conftest.c:3:1: warning: implicit declaration of function ‘dlopen’ [-Wimplicit-function-declaration]
checked program was:
/* begin */
1: /*top*/
2: int main() { return 0; }
3: int t() { dlopen(); return 0; }
/* end */

--------------------

find_library: checking for sqlite3_open() in -lsqlite3... -------------------- yes

"gcc -o conftest -I. -I/usr/lib/ruby/1.8/i686-linux -I. -I/home/yasuhito/play/trema/objects/openflow -I/home/yasuhito/play/trema/src/lib  -D_FILE_OFFSET_BITS=64  -g -std=gnu99 -D_GNU_SOURCE -fno-strict-aliasing -Wall -Wextra -Wformat=2 -Wcast-qual -Wcast-align -Wwrite-strings -Wconversion -Wfloat-equal -Wpointer-arith conftest.c  -L. -L/usr/lib -L/home/yasuhito/play/trema/objects/lib -Wl,-Bsymbolic -lpthread    -ldl -lrt  -lruby1.8-static -lsqlite3 -ldl -lrt  -lpthread -lrt -ldl -lcrypt -lm   -lc"
conftest.c: In function ‘t’:
conftest.c:3:53: error: ‘sqlite3_open’ undeclared (first use in this function)
conftest.c:3:53: note: each undeclared identifier is reported only once for each function it appears in
conftest.c:3:28: warning: variable ‘p’ set but not used [-Wunused-but-set-variable]
checked program was:
/* begin */
1: /*top*/
2: int main() { return 0; }
3: int t() { void ((*volatile p)()); p = (void ((*)()))sqlite3_open; return 0; }
/* end */

"gcc -o conftest -I. -I/usr/lib/ruby/1.8/i686-linux -I. -I/home/yasuhito/play/trema/objects/openflow -I/home/yasuhito/play/trema/src/lib  -D_FILE_OFFSET_BITS=64  -g -std=gnu99 -D_GNU_SOURCE -fno-strict-aliasing -Wall -Wextra -Wformat=2 -Wcast-qual -Wcast-align -Wwrite-strings -Wconversion -Wfloat-equal -Wpointer-arith conftest.c  -L. -L/usr/lib -L/home/yasuhito/play/trema/objects/lib -Wl,-Bsymbolic -lpthread    -ldl -lrt  -lruby1.8-static -lsqlite3 -ldl -lrt  -lpthread -lrt -ldl -lcrypt -lm   -lc"
conftest.c: In function ‘t’:
conftest.c:3:1: warning: implicit declaration of function ‘sqlite3_open’ [-Wimplicit-function-declaration]
checked program was:
/* begin */
1: /*top*/
2: int main() { return 0; }
3: int t() { sqlite3_open(); return 0; }
/* end */

--------------------

find_library: checking for create_hello() in -ltrema... -------------------- yes

"gcc -o conftest -I. -I/usr/lib/ruby/1.8/i686-linux -I. -I/home/yasuhito/play/trema/objects/openflow -I/home/yasuhito/play/trema/src/lib  -D_FILE_OFFSET_BITS=64  -g -std=gnu99 -D_GNU_SOURCE -fno-strict-aliasing -Wall -Wextra -Wformat=2 -Wcast-qual -Wcast-align -Wwrite-strings -Wconversion -Wfloat-equal -Wpointer-arith conftest.c  -L. -L/usr/lib -L/home/yasuhito/play/trema/objects/lib -Wl,-Bsymbolic -lpthread    -lsqlite3 -ldl -lrt  -lruby1.8-static -ltrema -lsqlite3 -ldl -lrt  -lpthread -lrt -ldl -lcrypt -lm   -lc"
conftest.c: In function ‘t’:
conftest.c:3:53: error: ‘create_hello’ undeclared (first use in this function)
conftest.c:3:53: note: each undeclared identifier is reported only once for each function it appears in
conftest.c:3:28: warning: variable ‘p’ set but not used [-Wunused-but-set-variable]
checked program was:
/* begin */
1: /*top*/
2: int main() { return 0; }
3: int t() { void ((*volatile p)()); p = (void ((*)()))create_hello; return 0; }
/* end */

"gcc -o conftest -I. -I/usr/lib/ruby/1.8/i686-linux -I. -I/home/yasuhito/play/trema/objects/openflow -I/home/yasuhito/play/trema/src/lib  -D_FILE_OFFSET_BITS=64  -g -std=gnu99 -D_GNU_SOURCE -fno-strict-aliasing -Wall -Wextra -Wformat=2 -Wcast-qual -Wcast-align -Wwrite-strings -Wconversion -Wfloat-equal -Wpointer-arith conftest.c  -L. -L/usr/lib -L/home/yasuhito/play/trema/objects/lib -Wl,-Bsymbolic -lpthread    -lsqlite3 -ldl -lrt  -lruby1.8-static -ltrema -lsqlite3 -ldl -lrt  -lpthread -lrt -ldl -lcrypt -lm   -lc"
conftest.c: In function ‘t’:
conftest.c:3:1: warning: implicit declaration of function ‘create_hello’ [-Wimplicit-function-declaration]
checked program was:
/* begin */
1: /*top*/
2: int main() { return 0; }
3: int t() { create_hello(); return 0; }
/* end */

--------------------

